#
# There is insufficient memory for the Java Runtime Environment to continue.
# Native memory allocation (mmap) failed to map 134217728 bytes for G1 virtual space
# Possible reasons:
#   The system is out of physical RAM or swap space
#   The process is running with CompressedOops enabled, and the Java Heap may be blocking the growth of the native heap
# Possible solutions:
#   Reduce memory load on the system
#   Increase physical memory or swap space
#   Check if swap backing store is full
#   Decrease Java heap size (-Xmx/-Xms)
#   Decrease number of Java threads
#   Decrease Java thread stack sizes (-Xss)
#   Set larger code cache with -XX:ReservedCodeCacheSize=
#   JVM is running with Unscaled Compressed Oops mode in which the Java heap is
#     placed in the first 4GB address space. The Java Heap base address is the
#     maximum limit for the native heap growth. Please use -XX:HeapBaseMinAddress
#     to set the Java Heap base and to place the Java Heap above 4GB virtual address.
# This output file may be truncated or incomplete.
#
#  Out of Memory Error (./open/src/hotspot/os/windows/os_windows.cpp:3472), pid=13308, tid=4728
#
# JRE version:  (15.0.1+9) (build )
# Java VM: Java HotSpot(TM) 64-Bit Server VM (15.0.1+9-18, mixed mode, sharing, tiered, compressed oops, g1 gc, windows-amd64)
# No core dump will be written. Minidumps are not enabled by default on client versions of Windows
#

---------------  S U M M A R Y ------------

Command Line: -javaagent:C:\Program Files\JetBrains\IntelliJ IDEA Community Edition 2020.3.2\lib\idea_rt.jar=55255:C:\Program Files\JetBrains\IntelliJ IDEA Community Edition 2020.3.2\bin -Dfile.encoding=UTF-8 com.company.Main

Host: Intel(R) Core(TM) i3-3120M CPU @ 2.50GHz, 4 cores, 7G,  Windows 10 , 64 bit Build 16299 (10.0.16299.15)
Time: Mon Apr  5 20:04:39 2021 Paris, Madrid (heure d?été) elapsed time: 0.098166 seconds (0d 0h 0m 0s)

---------------  T H R E A D  ---------------

Current thread (0x0000017bf2d41250):  JavaThread "Unknown thread" [_thread_in_vm, id=4728, stack(0x0000003a98a00000,0x0000003a98b00000)]

Stack: [0x0000003a98a00000,0x0000003a98b00000]
Native frames: (J=compiled Java code, j=interpreted, Vv=VM code, C=native code)
V  [jvm.dll+0x62ae9a]
V  [jvm.dll+0x781389]
V  [jvm.dll+0x782ae3]
V  [jvm.dll+0x783143]
V  [jvm.dll+0x216265]
V  [jvm.dll+0x6281d9]
V  [jvm.dll+0x61cd15]
V  [jvm.dll+0x2d01fd]
V  [jvm.dll+0x2d0062]
V  [jvm.dll+0x2d603c]
V  [jvm.dll+0x325b2a]
V  [jvm.dll+0x3251f4]
V  [jvm.dll+0x2a717a]
V  [jvm.dll+0x2a8318]
V  [jvm.dll+0x75e101]
V  [jvm.dll+0x3343e4]
V  [jvm.dll+0x73e826]
V  [jvm.dll+0x3b7777]
V  [jvm.dll+0x3b9201]
C  [jli.dll+0x52fb]
C  [ucrtbase.dll+0x1d885]
C  [KERNEL32.DLL+0x11fe4]
C  [ntdll.dll+0x6ef91]


---------------  P R O C E S S  ---------------

Threads class SMR info:
_java_thread_list=0x00007ff8870b4ff0, length=0, elements={
}

Java Threads: ( => current thread )

Other Threads:
  0x0000017bf2d82870 GCTaskThread "GC Thread#0" [stack: 0x0000003a98b00000,0x0000003a98c00000] [id=11892]
  0x0000017bf2d93910 ConcurrentGCThread "G1 Main Marker" [stack: 0x0000003a98c00000,0x0000003a98d00000] [id=10712]
  0x0000017bf2d94490 ConcurrentGCThread "G1 Conc#0" [stack: 0x0000003a98d00000,0x0000003a98e00000] [id=4780]

[error occurred during error reporting (printing all threads), id 0xc0000005, EXCEPTION_ACCESS_VIOLATION (0xc0000005) at pc=0x00007ff8868a8047]

VM state: not at safepoint (not fully initialized)

VM Mutex/Monitor currently owned by a thread:  ([mutex/lock_event])
[0x0000017bf2d3ebb0] Heap_lock - owner thread: 0x0000017bf2d41250

Heap address: 0x0000000080a00000, size: 2038 MB, Compressed Oops mode: 32-bit
CDS archive(s) mapped at: [0x0000000000000000-0x0000000000000000-0x0000000000000000), size 0, SharedBaseAddress: 0x0000000800000000, ArchiveRelocationMode: 0.
Narrow klass base: 0x0000000000000000, Narrow klass shift: 0, Narrow klass range: 0x0

Heap:
 garbage-first heap   total 131072K, used 0K [0x0000000080a00000, 0x0000000100000000)
  region size 1024K, 0 young (0K), 0 survivors (0K)
 Metaspace       used 0K, capacity 0K, committed 0K, reserved 0K
  class space    used 0K, capacity 0K, committed 0K, reserved 0K

Heap Regions: E=young(eden), S=young(survivor), O=old, HS=humongous(starts), HC=humongous(continues), CS=collection set, F=free, OA=open archive, CA=closed archive, TAMS=top-at-mark-start (previous, next)

Card table byte_map: [0x0000017bfb370000,0x0000017bfb770000] _byte_map_base: 0x0000017bfaf6b000

Marking Bits (Prev, Next): (CMBitMap*) 0x0000017bf2d82ff0, (CMBitMap*) 0x0000017bf2d83030
 Prev Bits: [0x0000017bfbb70000, 0x0000017bfdb48000)
 Next Bits: [0x0000017bfdb50000, 0x0000017bffb28000)

GC Heap History (0 events):
No events

Deoptimization events (0 events):
No events

Classes unloaded (0 events):
No events

Classes redefined (0 events):
No events

Internal exceptions (0 events):
No events

Events (1 events):
Event: 0.015 Loaded shared library C:\Program Files\Java\jdk-15.0.1\bin\java.dll


Dynamic libraries:
0x00007ff72cbf0000 - 0x00007ff72cbff000 	C:\Program Files\Java\jdk-15.0.1\bin\java.exe
0x00007ff8d0bf0000 - 0x00007ff8d0dd0000 	C:\Windows\SYSTEM32\ntdll.dll
0x00007ff8ce710000 - 0x00007ff8ce7be000 	C:\Windows\System32\KERNEL32.DLL
0x00007ff8cd050000 - 0x00007ff8cd2b6000 	C:\Windows\System32\KERNELBASE.dll
0x00007ff8cd2c0000 - 0x00007ff8cd3b6000 	C:\Windows\System32\ucrtbase.dll
0x00007ff8cb2f0000 - 0x00007ff8cb308000 	C:\Program Files\Java\jdk-15.0.1\bin\jli.dll
0x00007ff8ce3c0000 - 0x00007ff8ce461000 	C:\Windows\System32\ADVAPI32.dll
0x00007ff8d0810000 - 0x00007ff8d08ad000 	C:\Windows\System32\msvcrt.dll
0x00007ff8d0430000 - 0x00007ff8d048b000 	C:\Windows\System32\sechost.dll
0x00007ff8ce2a0000 - 0x00007ff8ce3bf000 	C:\Windows\System32\RPCRT4.dll
0x00007ff8d0160000 - 0x00007ff8d02ef000 	C:\Windows\System32\USER32.dll
0x00007ff8cde20000 - 0x00007ff8cde40000 	C:\Windows\System32\win32u.dll
0x00007ff8d0120000 - 0x00007ff8d0148000 	C:\Windows\System32\GDI32.dll
0x00007ff8cdc80000 - 0x00007ff8cde13000 	C:\Windows\System32\gdi32full.dll
0x00007ff8cdbe0000 - 0x00007ff8cdc7b000 	C:\Windows\System32\msvcp_win.dll
0x00007ff8c2f00000 - 0x00007ff8c2f19000 	C:\Program Files\Java\jdk-15.0.1\bin\VCRUNTIME140.dll
0x00007ff8c1690000 - 0x00007ff8c18f9000 	C:\Windows\WinSxS\amd64_microsoft.windows.common-controls_6595b64144ccf1df_6.0.16299.125_none_15cbcf8893620c09\COMCTL32.dll
0x00007ff8d08b0000 - 0x00007ff8d0bb8000 	C:\Windows\System32\combase.dll
0x00007ff8cd3c0000 - 0x00007ff8cd432000 	C:\Windows\System32\bcryptPrimitives.dll
0x00007ff8c61c0000 - 0x00007ff8c61ca000 	C:\Windows\SYSTEM32\VERSION.dll
0x00007ff8d00f0000 - 0x00007ff8d011d000 	C:\Windows\System32\IMM32.DLL
0x00007ff8cb2e0000 - 0x00007ff8cb2ec000 	C:\Program Files\Java\jdk-15.0.1\bin\vcruntime140_1.dll
0x00007ff8af740000 - 0x00007ff8af7d1000 	C:\Program Files\Java\jdk-15.0.1\bin\msvcp140.dll
0x00007ff8865f0000 - 0x00007ff88714e000 	C:\Program Files\Java\jdk-15.0.1\bin\server\jvm.dll
0x00007ff8d0150000 - 0x00007ff8d0158000 	C:\Windows\System32\PSAPI.DLL
0x00007ff8c4a60000 - 0x00007ff8c4a69000 	C:\Windows\SYSTEM32\WSOCK32.dll
0x00007ff8ce550000 - 0x00007ff8ce5bc000 	C:\Windows\System32\WS2_32.dll
0x00007ff8cb3a0000 - 0x00007ff8cb3c3000 	C:\Windows\SYSTEM32\WINMM.dll
0x00007ff8cb340000 - 0x00007ff8cb36a000 	C:\Windows\SYSTEM32\WINMMBASE.dll
0x00007ff8cd440000 - 0x00007ff8cd48a000 	C:\Windows\System32\cfgmgr32.dll
0x00007ff8ccf60000 - 0x00007ff8ccf71000 	C:\Windows\System32\kernel.appcore.dll
0x00007ff8c2ef0000 - 0x00007ff8c2efa000 	C:\Program Files\Java\jdk-15.0.1\bin\jimage.dll
0x00007ff8bde20000 - 0x00007ff8bdfe8000 	C:\Windows\SYSTEM32\DBGHELP.DLL
0x00007ff8bdd10000 - 0x00007ff8bdd39000 	C:\Windows\SYSTEM32\dbgcore.DLL
0x00007ff8c2de0000 - 0x00007ff8c2dee000 	C:\Program Files\Java\jdk-15.0.1\bin\instrument.dll
0x00007ff8c2ec0000 - 0x00007ff8c2ee5000 	C:\Program Files\Java\jdk-15.0.1\bin\java.dll

dbghelp: loaded successfully - version: 4.0.5 - missing functions: none
symbol engine: initialized successfully - sym options: 0x614 - pdb path: .;C:\Program Files\Java\jdk-15.0.1\bin;C:\Windows\SYSTEM32;C:\Windows\WinSxS\amd64_microsoft.windows.common-controls_6595b64144ccf1df_6.0.16299.125_none_15cbcf8893620c09;C:\Program Files\Java\jdk-15.0.1\bin\server

VM Arguments:
jvm_args: -javaagent:C:\Program Files\JetBrains\IntelliJ IDEA Community Edition 2020.3.2\lib\idea_rt.jar=55255:C:\Program Files\JetBrains\IntelliJ IDEA Community Edition 2020.3.2\bin -Dfile.encoding=UTF-8 
java_command: com.company.Main
java_class_path (initial): C:\Users\Ilyes2\IdeaProjects\pasapas\out\production\pasapas
Launcher Type: SUN_STANDARD

[Global flags]
     intx CICompilerCount                          = 3                                         {product} {ergonomic}
     uint ConcGCThreads                            = 1                                         {product} {ergonomic}
     uint G1ConcRefinementThreads                  = 4                                         {product} {ergonomic}
   size_t G1HeapRegionSize                         = 1048576                                   {product} {ergonomic}
    uintx GCDrainStackTargetSize                   = 64                                        {product} {ergonomic}
   size_t InitialHeapSize                          = 134217728                                 {product} {ergonomic}
   size_t MarkStackSize                            = 4194304                                   {product} {ergonomic}
   size_t MaxHeapSize                              = 2136997888                                {product} {ergonomic}
   size_t MinHeapDeltaBytes                        = 1048576                                   {product} {ergonomic}
   size_t MinHeapSize                              = 8388608                                   {product} {ergonomic}
    uintx NonNMethodCodeHeapSize                   = 5832780                                {pd product} {ergonomic}
    uintx NonProfiledCodeHeapSize                  = 122912730                              {pd product} {ergonomic}
    uintx ProfiledCodeHeapSize                     = 122912730                              {pd product} {ergonomic}
    uintx ReservedCodeCacheSize                    = 251658240                              {pd product} {ergonomic}
     bool SegmentedCodeCache                       = true                                      {product} {ergonomic}
   size_t SoftMaxHeapSize                          = 2136997888                             {manageable} {ergonomic}
     bool UseCompressedClassPointers               = true                                 {lp64_product} {ergonomic}
     bool UseCompressedOops                        = true                                 {lp64_product} {ergonomic}
     bool UseG1GC                                  = true                                      {product} {ergonomic}
     bool UseLargePagesIndividualAllocation        = false                                  {pd product} {ergonomic}

Logging:
Log output configuration:
 #0: stdout all=warning uptime,level,tags
 #1: stderr all=off uptime,level,tags

Environment Variables:
PATH=C:\Program Files (x86)\Common Files\Oracle\Java\javapath;C:\Program Files\Common Files\Oracle\Java\javapath;C:\Windows\system32;C:\Windows;C:\Windows\System32\Wbem;C:\Windows\System32\WindowsPowerShell\v1.0\;C:\Program Files (x86)\ATI Technologies\ATI.ACE\Core-Static;C:\Program Files\Git\cmd;C:\Program Files\nodejs\;C:\ProgramData\chocolatey\bin;C:\Program Files\Microchip\xc8\v2.30\bin;C:\Users\Ilyes2\AppData\Roaming\npm\node_modules\@angular\cli\bin;C:\Python\Python38\Scripts;C:\wamp\bin\php\php7.4.9;C:\ProgramData\ComposerSetup\bin;C:\Python\Python39\Scripts\;C:\Python\Python39\;C:\Program Files (x86)\Common Files\Oracle\Java\javapath;C:\Program Files\Common Files\Oracle\Java\javapath;C:\Windows\system32;C:\Windows;C:\Windows\System32\Wbem;C:\Windows\System32\WindowsPowerShell\v1.0\;C:\Program Files (x86)\ATI Technologies\ATI.ACE\Core-Static;C:\Program Files\Git\cmd;C:\Program Files\nodejs\;C:\ProgramData\chocolatey\bin;C:\Program Files\Microchip\xc8\v2.30\bin;C:\Users\Ilyes2\AppData\Roaming\npm\node_modules\@angular\cli\bin;C:\Python\Python38\Scripts;C:\Python\Python38\;C:\Program Files\MySQL\MySQL Shell 8.0\bin\;C:\flutter\bin;C:\Users\Ilyes2\AppData\Local\Programs\Microsoft VS Code\bin;C:\Users\Ilyes2\AppData\Roaming\npm\node_modules\@angular\cli\bin;C:\Python\Python38\python.exe;C:\Python\Python38\Scripts;C:\Python\Python39\python.exe;C:\Python\Python39\Scripts;C:\Users\Ilyes2\AppData\Roaming\Composer\vendor\bin
USERNAME=Ilyes2
OS=Windows_NT
PROCESSOR_IDENTIFIER=Intel64 Family 6 Model 58 Stepping 9, GenuineIntel



---------------  S Y S T E M  ---------------

OS:
 Windows 10 , 64 bit Build 16299 (10.0.16299.15)
OS uptime: 0 days 9:59 hours

CPU: total 4 (initial active 4) (2 cores per cpu, 2 threads per core) family 6 model 58 stepping 9 microcode 0x1b, cmov, cx8, fxsr, mmx, sse, sse2, sse3, ssse3, sse4.1, sse4.2, popcnt, vzeroupper, avx, clmul, erms, ht, tsc, tscinvbit, tscinv, clflush

Memory: 4k page, system-wide physical 8151M (2271M free)
TotalPageFile size 9175M (AvailPageFile size 45M)
current process WorkingSet (physical memory assigned to process): 10M, peak: 10M
current process commit charge ("private bytes"): 52M, peak: 179M

vm_info: Java HotSpot(TM) 64-Bit Server VM (15.0.1+9-18) for windows-amd64 JRE (15.0.1+9-18), built on Sep 15 2020 14:43:54 by "mach5one" with unknown MS VC++:1925

END.
